<?xml version="1.0" encoding="UTF-8"?>
<testng-results skipped="0" failed="0" ignored="0" total="2" passed="2">
  <reporter-output>
  </reporter-output>
  <suite name="Suite" duration-ms="78694" started-at="2020-05-01T15:19:05 IST" finished-at="2020-05-01T15:20:24 IST">
    <groups>
    </groups>
    <test name="Test1" duration-ms="78694" started-at="2020-05-01T15:19:05 IST" finished-at="2020-05-01T15:20:24 IST">
      <class name="TestCases.Sanity">
        <test-method status="PASS" signature="startServer()[pri:0, instance:TestCases.Sanity@4f51b3e0]" name="startServer" is-config="true" duration-ms="130" started-at="2020-05-01T15:19:05 IST" finished-at="2020-05-01T15:19:05 IST">
          <reporter-output>
          </reporter-output>
        </test-method> <!-- startServer -->
        <test-method status="PASS" signature="init(java.lang.String, java.lang.String, java.lang.String, java.lang.String, java.lang.String)[pri:0, instance:TestCases.Sanity@4f51b3e0]" name="init" is-config="true" duration-ms="39259" started-at="2020-05-01T15:19:05 IST" finished-at="2020-05-01T15:19:44 IST">
          <params>
            <param index="0">
              <value>
                <![CDATA[XP8800]]>
              </value>
            </param>
            <param index="1">
              <value>
                <![CDATA[67e0c248]]>
              </value>
            </param>
            <param index="2">
              <value>
                <![CDATA[8.1.0]]>
              </value>
            </param>
            <param index="3">
              <value>
                <![CDATA[com.amazon.mShop.android.shopping]]>
              </value>
            </param>
            <param index="4">
              <value>
                <![CDATA[com.amazon.mShop.splashscreen.StartupActivity]]>
              </value>
            </param>
          </params>
          <reporter-output>
          </reporter-output>
        </test-method> <!-- init -->
        <test-method status="PASS" signature="validateAmazonLoginPage()[pri:1, instance:TestCases.Sanity@4f51b3e0]" name="validateAmazonLoginPage" duration-ms="16917" started-at="2020-05-01T15:19:44 IST" finished-at="2020-05-01T15:20:01 IST">
          <reporter-output>
          </reporter-output>
        </test-method> <!-- validateAmazonLoginPage -->
        <test-method status="PASS" signature="validateSearchResutInAmazonSearchPage()[pri:2, instance:TestCases.Sanity@4f51b3e0]" name="validateSearchResutInAmazonSearchPage" duration-ms="22428" started-at="2020-05-01T15:20:01 IST" finished-at="2020-05-01T15:20:24 IST">
          <reporter-output>
          </reporter-output>
        </test-method> <!-- validateSearchResutInAmazonSearchPage -->
      </class> <!-- TestCases.Sanity -->
    </test> <!-- Test1 -->
  </suite> <!-- Suite -->
</testng-results>
